# JRE version: OpenJDK Runtime Environment Temurin-21.0.9+10 (21.0.9+10) (build 21.0.9+10-LTS)
# Java VM: OpenJDK 64-Bit Server VM Temurin-21.0.9+10 (21.0.9+10-LTS, mixed mode, sharing, tiered, compressed oops, compressed class ptrs, parallel gc, windows-amd64)
GC Precious Log:
 CardTable entry size: 512
 CPUs: 12 total, 12 available
 Memory: 16092M
 Large Page Support: Disabled
 NUMA Support: Disabled
 Compressed Oops: Enabled (32-bit)
 Alignments: Space 512K, Generation 512K, Heap 2M
 Heap Min Capacity: 512M
 Heap Initial Capacity: 512M
 Heap Max Capacity: 2G
 Pre-touch: Disabled
 Parallel Workers: 10
Heap:
 PSYoungGen      total 4096K, used 321K [0x00000000d5580000, 0x00000000d5a80000, 0x0000000100000000)
  eden space 3584K, 2% used [0x00000000d5580000,0x00000000d5598740,0x00000000d5900000)
  from space 512K, 43% used [0x00000000d5a00000,0x00000000d5a38000,0x00000000d5a80000)
  to   space 512K, 0% used [0x00000000d5980000,0x00000000d5980000,0x00000000d5a00000)
 ParOldGen       total 945152K, used 462255K [0x0000000080000000, 0x00000000b9b00000, 0x00000000d5580000)
  object space 945152K, 48% used [0x0000000080000000,0x000000009c36be78,0x00000000b9b00000)
 Metaspace       used 90248K, committed 92160K, reserved 1179648K
  class space    used 9093K, committed 9984K, reserved 1048576K
GC Heap History (20 events):
Event: 1474.552 GC heap before
{Heap before GC invocations=1856 (full 5):
 PSYoungGen      total 4096K, used 3744K [0x00000000d5580000, 0x00000000d5a80000, 0x0000000100000000)
  eden space 3584K, 100% used [0x00000000d5580000,0x00000000d5900000,0x00000000d5900000)
  from space 512K, 31% used [0x00000000d5a00000,0x00000000d5a28000,0x00000000d5a80000)
  to   space 512K, 0% used [0x00000000d5980000,0x00000000d5980000,0x00000000d5a00000)
 ParOldGen       total 945152K, used 462167K [0x0000000080000000, 0x00000000b9b00000, 0x00000000d5580000)
  object space 945152K, 48% used [0x0000000080000000,0x000000009c355e78,0x00000000b9b00000)
 Metaspace       used 90206K, committed 92096K, reserved 1179648K
  class space    used 9093K, committed 9984K, reserved 1048576K
}
Event: 1474.554 GC heap after
{Heap after GC invocations=1856 (full 5):
 PSYoungGen      total 4096K, used 128K [0x00000000d5580000, 0x00000000d5a80000, 0x0000000100000000)
  eden space 3584K, 0% used [0x00000000d5580000,0x00000000d5580000,0x00000000d5900000)
  from space 512K, 25% used [0x00000000d5980000,0x00000000d59a0000,0x00000000d5a00000)
  to   space 512K, 0% used [0x00000000d5a00000,0x00000000d5a00000,0x00000000d5a80000)
 ParOldGen       total 945152K, used 462167K [0x0000000080000000, 0x00000000b9b00000, 0x00000000d5580000)
  object space 945152K, 48% used [0x0000000080000000,0x000000009c355e78,0x00000000b9b00000)
 Metaspace       used 90206K, committed 92096K, reserved 1179648K
  class space    used 9093K, committed 9984K, reserved 1048576K
}
Event: 1475.200 GC heap before
{Heap before GC invocations=1857 (full 5):
 PSYoungGen      total 4096K, used 3712K [0x00000000d5580000, 0x00000000d5a80000, 0x0000000100000000)
  eden space 3584K, 100% used [0x00000000d5580000,0x00000000d5900000,0x00000000d5900000)
  from space 512K, 25% used [0x00000000d5980000,0x00000000d59a0000,0x00000000d5a00000)
  to   space 512K, 0% used [0x00000000d5a00000,0x00000000d5a00000,0x00000000d5a80000)
 ParOldGen       total 945152K, used 462167K [0x0000000080000000, 0x00000000b9b00000, 0x00000000d5580000)
  object space 945152K, 48% used [0x0000000080000000,0x000000009c355e78,0x00000000b9b00000)
 Metaspace       used 90206K, committed 92096K, reserved 1179648K
  class space    used 9093K, committed 9984K, reserved 1048576K
}
Event: 1475.201 GC heap after
{Heap after GC invocations=1857 (full 5):
 PSYoungGen      total 4096K, used 128K [0x00000000d5580000, 0x00000000d5a80000, 0x0000000100000000)
  eden space 3584K, 0% used [0x00000000d5580000,0x00000000d5580000,0x00000000d5900000)
  from space 512K, 25% used [0x00000000d5a00000,0x00000000d5a20000,0x00000000d5a80000)
  to   space 512K, 0% used [0x00000000d5980000,0x00000000d5980000,0x00000000d5a00000)
 ParOldGen       total 945152K, used 462167K [0x0000000080000000, 0x00000000b9b00000, 0x00000000d5580000)
  object space 945152K, 48% used [0x0000000080000000,0x000000009c355e78,0x00000000b9b00000)
 Metaspace       used 90206K, committed 92096K, reserved 1179648K
  class space    used 9093K, committed 9984K, reserved 1048576K
}
Event: 1475.234 GC heap before
{Heap before GC invocations=1858 (full 5):
 PSYoungGen      total 4096K, used 3712K [0x00000000d5580000, 0x00000000d5a80000, 0x0000000100000000)
  eden space 3584K, 100% used [0x00000000d5580000,0x00000000d5900000,0x00000000d5900000)
  from space 512K, 25% used [0x00000000d5a00000,0x00000000d5a20000,0x00000000d5a80000)
  to   space 512K, 0% used [0x00000000d5980000,0x00000000d5980000,0x00000000d5a00000)
 ParOldGen       total 945152K, used 462167K [0x0000000080000000, 0x00000000b9b00000, 0x00000000d5580000)
  object space 945152K, 48% used [0x0000000080000000,0x000000009c355e78,0x00000000b9b00000)
 Metaspace       used 90206K, committed 92096K, reserved 1179648K
  class space    used 9093K, committed 9984K, reserved 1048576K
}
Event: 1475.236 GC heap after
{Heap after GC invocations=1858 (full 5):
 PSYoungGen      total 4096K, used 160K [0x00000000d5580000, 0x00000000d5a80000, 0x0000000100000000)
  eden space 3584K, 0% used [0x00000000d5580000,0x00000000d5580000,0x00000000d5900000)
  from space 512K, 31% used [0x00000000d5980000,0x00000000d59a8000,0x00000000d5a00000)
  to   space 512K, 0% used [0x00000000d5a00000,0x00000000d5a00000,0x00000000d5a80000)
 ParOldGen       total 945152K, used 462183K [0x0000000080000000, 0x00000000b9b00000, 0x00000000d5580000)
  object space 945152K, 48% used [0x0000000080000000,0x000000009c359e78,0x00000000b9b00000)
 Metaspace       used 90206K, committed 92096K, reserved 1179648K
  class space    used 9093K, committed 9984K, reserved 1048576K
}
Event: 1475.962 GC heap before
{Heap before GC invocations=1859 (full 5):
 PSYoungGen      total 4096K, used 3744K [0x00000000d5580000, 0x00000000d5a80000, 0x0000000100000000)
  eden space 3584K, 100% used [0x00000000d5580000,0x00000000d5900000,0x00000000d5900000)
  from space 512K, 31% used [0x00000000d5980000,0x00000000d59a8000,0x00000000d5a00000)
  to   space 512K, 0% used [0x00000000d5a00000,0x00000000d5a00000,0x00000000d5a80000)
 ParOldGen       total 945152K, used 462183K [0x0000000080000000, 0x00000000b9b00000, 0x00000000d5580000)
  object space 945152K, 48% used [0x0000000080000000,0x000000009c359e78,0x00000000b9b00000)
 Metaspace       used 90206K, committed 92096K, reserved 1179648K
  class space    used 9093K, committed 9984K, reserved 1048576K
}
Event: 1475.966 GC heap after
{Heap after GC invocations=1859 (full 5):
 PSYoungGen      total 4096K, used 160K [0x00000000d5580000, 0x00000000d5a80000, 0x0000000100000000)
  eden space 3584K, 0% used [0x00000000d5580000,0x00000000d5580000,0x00000000d5900000)
  from space 512K, 31% used [0x00000000d5a00000,0x00000000d5a28000,0x00000000d5a80000)
  to   space 512K, 0% used [0x00000000d5980000,0x00000000d5980000,0x00000000d5a00000)
 ParOldGen       total 945152K, used 462183K [0x0000000080000000, 0x00000000b9b00000, 0x00000000d5580000)
  object space 945152K, 48% used [0x0000000080000000,0x000000009c359e78,0x00000000b9b00000)
 Metaspace       used 90206K, committed 92096K, reserved 1179648K
  class space    used 9093K, committed 9984K, reserved 1048576K
}
Event: 1476.368 GC heap before
{Heap before GC invocations=1860 (full 5):
 PSYoungGen      total 4096K, used 3744K [0x00000000d5580000, 0x00000000d5a80000, 0x0000000100000000)
  eden space 3584K, 100% used [0x00000000d5580000,0x00000000d5900000,0x00000000d5900000)
  from space 512K, 31% used [0x00000000d5a00000,0x00000000d5a28000,0x00000000d5a80000)
  to   space 512K, 0% used [0x00000000d5980000,0x00000000d5980000,0x00000000d5a00000)
 ParOldGen       total 945152K, used 462183K [0x0000000080000000, 0x00000000b9b00000, 0x00000000d5580000)
  object space 945152K, 48% used [0x0000000080000000,0x000000009c359e78,0x00000000b9b00000)
 Metaspace       used 90206K, committed 92096K, reserved 1179648K
  class space    used 9093K, committed 9984K, reserved 1048576K
}
Event: 1476.370 GC heap after
{Heap after GC invocations=1860 (full 5):
 PSYoungGen      total 4096K, used 192K [0x00000000d5580000, 0x00000000d5a80000, 0x0000000100000000)
  eden space 3584K, 0% used [0x00000000d5580000,0x00000000d5580000,0x00000000d5900000)
  from space 512K, 37% used [0x00000000d5980000,0x00000000d59b0000,0x00000000d5a00000)
  to   space 512K, 0% used [0x00000000d5a00000,0x00000000d5a00000,0x00000000d5a80000)
 ParOldGen       total 945152K, used 462183K [0x0000000080000000, 0x00000000b9b00000, 0x00000000d5580000)
  object space 945152K, 48% used [0x0000000080000000,0x000000009c359e78,0x00000000b9b00000)
 Metaspace       used 90206K, committed 92096K, reserved 1179648K
  class space    used 9093K, committed 9984K, reserved 1048576K
}
Event: 1476.432 GC heap before
{Heap before GC invocations=1861 (full 5):
 PSYoungGen      total 4096K, used 3776K [0x00000000d5580000, 0x00000000d5a80000, 0x0000000100000000)
  eden space 3584K, 100% used [0x00000000d5580000,0x00000000d5900000,0x00000000d5900000)
  from space 512K, 37% used [0x00000000d5980000,0x00000000d59b0000,0x00000000d5a00000)
  to   space 512K, 0% used [0x00000000d5a00000,0x00000000d5a00000,0x00000000d5a80000)
 ParOldGen       total 945152K, used 462183K [0x0000000080000000, 0x00000000b9b00000, 0x00000000d5580000)
  object space 945152K, 48% used [0x0000000080000000,0x000000009c359e78,0x00000000b9b00000)
 Metaspace       used 90206K, committed 92096K, reserved 1179648K
  class space    used 9093K, committed 9984K, reserved 1048576K
}
Event: 1476.433 GC heap after
{Heap after GC invocations=1861 (full 5):
 PSYoungGen      total 4096K, used 160K [0x00000000d5580000, 0x00000000d5a80000, 0x0000000100000000)
  eden space 3584K, 0% used [0x00000000d5580000,0x00000000d5580000,0x00000000d5900000)
  from space 512K, 31% used [0x00000000d5a00000,0x00000000d5a28000,0x00000000d5a80000)
  to   space 512K, 0% used [0x00000000d5980000,0x00000000d5980000,0x00000000d5a00000)
 ParOldGen       total 945152K, used 462207K [0x0000000080000000, 0x00000000b9b00000, 0x00000000d5580000)
  object space 945152K, 48% used [0x0000000080000000,0x000000009c35fe78,0x00000000b9b00000)
 Metaspace       used 90206K, committed 92096K, reserved 1179648K
  class space    used 9093K, committed 9984K, reserved 1048576K
}
Event: 1476.924 GC heap before
{Heap before GC invocations=1862 (full 5):
 PSYoungGen      total 4096K, used 3744K [0x00000000d5580000, 0x00000000d5a80000, 0x0000000100000000)
  eden space 3584K, 100% used [0x00000000d5580000,0x00000000d5900000,0x00000000d5900000)
  from space 512K, 31% used [0x00000000d5a00000,0x00000000d5a28000,0x00000000d5a80000)
  to   space 512K, 0% used [0x00000000d5980000,0x00000000d5980000,0x00000000d5a00000)
 ParOldGen       total 945152K, used 462207K [0x0000000080000000, 0x00000000b9b00000, 0x00000000d5580000)
  object space 945152K, 48% used [0x0000000080000000,0x000000009c35fe78,0x00000000b9b00000)
 Metaspace       used 90206K, committed 92096K, reserved 1179648K
  class space    used 9093K, committed 9984K, reserved 1048576K
}
Event: 1476.925 GC heap after
{Heap after GC invocations=1862 (full 5):
 PSYoungGen      total 4096K, used 160K [0x00000000d5580000, 0x00000000d5a80000, 0x0000000100000000)
  eden space 3584K, 0% used [0x00000000d5580000,0x00000000d5580000,0x00000000d5900000)
  from space 512K, 31% used [0x00000000d5980000,0x00000000d59a8000,0x00000000d5a00000)
  to   space 512K, 0% used [0x00000000d5a00000,0x00000000d5a00000,0x00000000d5a80000)
 ParOldGen       total 945152K, used 462207K [0x0000000080000000, 0x00000000b9b00000, 0x00000000d5580000)
  object space 945152K, 48% used [0x0000000080000000,0x000000009c35fe78,0x00000000b9b00000)
 Metaspace       used 90206K, committed 92096K, reserved 1179648K
  class space    used 9093K, committed 9984K, reserved 1048576K
}
Event: 1477.451 GC heap before
{Heap before GC invocations=1863 (full 5):
 PSYoungGen      total 4096K, used 3744K [0x00000000d5580000, 0x00000000d5a80000, 0x0000000100000000)
  eden space 3584K, 100% used [0x00000000d5580000,0x00000000d5900000,0x00000000d5900000)
  from space 512K, 31% used [0x00000000d5980000,0x00000000d59a8000,0x00000000d5a00000)
  to   space 512K, 0% used [0x00000000d5a00000,0x00000000d5a00000,0x00000000d5a80000)
 ParOldGen       total 945152K, used 462207K [0x0000000080000000, 0x00000000b9b00000, 0x00000000d5580000)
  object space 945152K, 48% used [0x0000000080000000,0x000000009c35fe78,0x00000000b9b00000)
 Metaspace       used 90206K, committed 92096K, reserved 1179648K
  class space    used 9093K, committed 9984K, reserved 1048576K
}
Event: 1477.457 GC heap after
{Heap after GC invocations=1863 (full 5):
 PSYoungGen      total 4096K, used 192K [0x00000000d5580000, 0x00000000d5a80000, 0x0000000100000000)
  eden space 3584K, 0% used [0x00000000d5580000,0x00000000d5580000,0x00000000d5900000)
  from space 512K, 37% used [0x00000000d5a00000,0x00000000d5a30000,0x00000000d5a80000)
  to   space 512K, 0% used [0x00000000d5980000,0x00000000d5980000,0x00000000d5a00000)
 ParOldGen       total 945152K, used 462207K [0x0000000080000000, 0x00000000b9b00000, 0x00000000d5580000)
  object space 945152K, 48% used [0x0000000080000000,0x000000009c35fe78,0x00000000b9b00000)
 Metaspace       used 90206K, committed 92096K, reserved 1179648K
  class space    used 9093K, committed 9984K, reserved 1048576K
}
Event: 1477.498 GC heap before
{Heap before GC invocations=1864 (full 5):
 PSYoungGen      total 4096K, used 3776K [0x00000000d5580000, 0x00000000d5a80000, 0x0000000100000000)
  eden space 3584K, 100% used [0x00000000d5580000,0x00000000d5900000,0x00000000d5900000)
  from space 512K, 37% used [0x00000000d5a00000,0x00000000d5a30000,0x00000000d5a80000)
  to   space 512K, 0% used [0x00000000d5980000,0x00000000d5980000,0x00000000d5a00000)
 ParOldGen       total 945152K, used 462207K [0x0000000080000000, 0x00000000b9b00000, 0x00000000d5580000)
  object space 945152K, 48% used [0x0000000080000000,0x000000009c35fe78,0x00000000b9b00000)
 Metaspace       used 90206K, committed 92096K, reserved 1179648K
  class space    used 9093K, committed 9984K, reserved 1048576K
}
Event: 1477.499 GC heap after
{Heap after GC invocations=1864 (full 5):
 PSYoungGen      total 4096K, used 64K [0x00000000d5580000, 0x00000000d5a80000, 0x0000000100000000)
  eden space 3584K, 0% used [0x00000000d5580000,0x00000000d5580000,0x00000000d5900000)
  from space 512K, 12% used [0x00000000d5980000,0x00000000d5990000,0x00000000d5a00000)
  to   space 512K, 0% used [0x00000000d5a00000,0x00000000d5a00000,0x00000000d5a80000)
 ParOldGen       total 945152K, used 462247K [0x0000000080000000, 0x00000000b9b00000, 0x00000000d5580000)
  object space 945152K, 48% used [0x0000000080000000,0x000000009c369e78,0x00000000b9b00000)
 Metaspace       used 90206K, committed 92096K, reserved 1179648K
  class space    used 9093K, committed 9984K, reserved 1048576K
}
Event: 68984.571 GC heap before
{Heap before GC invocations=1865 (full 5):
 PSYoungGen      total 4096K, used 3648K [0x00000000d5580000, 0x00000000d5a80000, 0x0000000100000000)
  eden space 3584K, 100% used [0x00000000d5580000,0x00000000d5900000,0x00000000d5900000)
  from space 512K, 12% used [0x00000000d5980000,0x00000000d5990000,0x00000000d5a00000)
  to   space 512K, 0% used [0x00000000d5a00000,0x00000000d5a00000,0x00000000d5a80000)
 ParOldGen       total 945152K, used 462247K [0x0000000080000000, 0x00000000b9b00000, 0x00000000d5580000)
  object space 945152K, 48% used [0x0000000080000000,0x000000009c369e78,0x00000000b9b00000)
 Metaspace       used 90248K, committed 92160K, reserved 1179648K
  class space    used 9093K, committed 9984K, reserved 1048576K
}
Event: 68984.653 GC heap after
{Heap after GC invocations=1865 (full 5):
 PSYoungGen      total 4096K, used 224K [0x00000000d5580000, 0x00000000d5a80000, 0x0000000100000000)
  eden space 3584K, 0% used [0x00000000d5580000,0x00000000d5580000,0x00000000d5900000)
  from space 512K, 43% used [0x00000000d5a00000,0x00000000d5a38000,0x00000000d5a80000)
  to   space 512K, 0% used [0x00000000d5980000,0x00000000d5980000,0x00000000d5a00000)
 ParOldGen       total 945152K, used 462255K [0x0000000080000000, 0x00000000b9b00000, 0x00000000d5580000)
  object space 945152K, 48% used [0x0000000080000000,0x000000009c36be78,0x00000000b9b00000)
 Metaspace       used 90248K, committed 92160K, reserved 1179648K
  class space    used 9093K, committed 9984K, reserved 1048576K
}

